#
# There is insufficient memory for the Java Runtime Environment to continue.
# Native memory allocation (malloc) failed to allocate 881776 bytes for Chunk::new
# Possible reasons:
#   The system is out of physical RAM or swap space
#   In 32 bit mode, the process size limit was hit
# Possible solutions:
#   Reduce memory load on the system
#   Increase physical memory or swap space
#   Check if swap backing store is full
#   Use 64 bit Java on a 64 bit OS
#   Decrease Java heap size (-Xmx/-Xms)
#   Decrease number of Java threads
#   Decrease Java thread stack sizes (-Xss)
#   Set larger code cache with -XX:ReservedCodeCacheSize=
# This output file may be truncated or incomplete.
#
#  Out of Memory Error (allocation.cpp:323), pid=17804, tid=11908
#
# JRE version: Java(TM) SE Runtime Environment (7.0_79-b15) (build 1.7.0_79-b15)
# Java VM: Java HotSpot(TM) 64-Bit Server VM (24.79-b02 mixed mode windows-amd64 compressed oops)
# Failed to write core dump. Minidumps are not enabled by default on client versions of Windows
#

---------------  T H R E A D  ---------------

Current thread (0x00000000023c0000):  JavaThread "C2 CompilerThread1" daemon [_thread_in_native, id=11908, stack(0x000000000b3e0000,0x000000000b4e0000)]

Stack: [0x000000000b3e0000,0x000000000b4e0000]

Current CompileTask:
C2:  30160 1188             com.android.utils.XmlUtils::append (471 bytes)


---------------  P R O C E S S  ---------------

Java Threads: ( => current thread )
  0x000000000cbab800 JavaThread "stdout" daemon [_thread_in_native, id=22304, stack(0x0000000015170000,0x0000000015270000)]
  0x000000000cba2800 JavaThread "stderr" daemon [_thread_in_native, id=16848, stack(0x0000000015070000,0x0000000015170000)]
  0x000000000c7b8000 JavaThread "stdout" daemon [_thread_in_native, id=16016, stack(0x0000000014d70000,0x0000000014e70000)]
  0x000000000c7ae800 JavaThread "stderr" daemon [_thread_in_native, id=16456, stack(0x0000000014c70000,0x0000000014d70000)]
  0x000000000c7b3800 JavaThread "stdout" daemon [_thread_in_native, id=1076, stack(0x0000000014b70000,0x0000000014c70000)]
  0x000000000c7b3000 JavaThread "stderr" daemon [_thread_in_native, id=12748, stack(0x0000000014a70000,0x0000000014b70000)]
  0x000000000c7aa800 JavaThread "stdout" daemon [_thread_in_native, id=19404, stack(0x0000000014970000,0x0000000014a70000)]
  0x000000000cbab000 JavaThread "stderr" daemon [_thread_in_native, id=15160, stack(0x0000000014870000,0x0000000014970000)]
  0x000000000cba3800 JavaThread "png-cruncher_20" daemon [_thread_blocked, id=4112, stack(0x0000000014570000,0x0000000014670000)]
  0x000000000cba2000 JavaThread "png-cruncher_19" daemon [_thread_blocked, id=20068, stack(0x0000000014470000,0x0000000014570000)]
  0x000000000cba8800 JavaThread "png-cruncher_18" daemon [_thread_blocked, id=6624, stack(0x0000000014370000,0x0000000014470000)]
  0x000000000cba7000 JavaThread "png-cruncher_17" daemon [_thread_blocked, id=7244, stack(0x0000000014270000,0x0000000014370000)]
  0x000000000cba5800 JavaThread "png-cruncher_16" daemon [_thread_blocked, id=6164, stack(0x0000000014170000,0x0000000014270000)]
  0x000000000cba1000 JavaThread "png-cruncher_15" daemon [_thread_blocked, id=18000, stack(0x0000000013670000,0x0000000013770000)]
  0x000000000cba8000 JavaThread "png-cruncher_14" daemon [_thread_blocked, id=14528, stack(0x0000000013570000,0x0000000013670000)]
  0x000000000cba5000 JavaThread "png-cruncher_13" daemon [_thread_blocked, id=1784, stack(0x0000000013470000,0x0000000013570000)]
  0x000000000cba4000 JavaThread "png-cruncher_12" daemon [_thread_blocked, id=11376, stack(0x0000000013370000,0x0000000013470000)]
  0x000000000cba6800 JavaThread "png-cruncher_11" daemon [_thread_blocked, id=18452, stack(0x0000000013070000,0x0000000013170000)]
  0x000000000c7b5000 JavaThread "stdout" daemon [_thread_in_native, id=20340, stack(0x0000000012770000,0x0000000012870000)]
  0x000000000c7b7800 JavaThread "stderr" daemon [_thread_in_native, id=20968, stack(0x0000000012670000,0x0000000012770000)]
  0x000000000c7b6000 JavaThread "png-cruncher_10" daemon [_thread_blocked, id=14844, stack(0x0000000012570000,0x0000000012670000)]
  0x000000000c7ad800 JavaThread "png-cruncher_9" daemon [_thread_blocked, id=15304, stack(0x0000000012470000,0x0000000012570000)]
  0x000000000c7b2000 JavaThread "png-cruncher_8" daemon [_thread_blocked, id=1208, stack(0x0000000012370000,0x0000000012470000)]
  0x000000000c7b0800 JavaThread "png-cruncher_7" daemon [_thread_blocked, id=19492, stack(0x0000000012270000,0x0000000012370000)]
  0x000000000c7b4800 JavaThread "png-cruncher_6" daemon [_thread_blocked, id=14900, stack(0x0000000012170000,0x0000000012270000)]
  0x000000000c7b1800 JavaThread "stdout" daemon [_thread_in_native, id=18204, stack(0x0000000011c70000,0x0000000011d70000)]
  0x000000000c7a9800 JavaThread "stderr" daemon [_thread_in_native, id=9212, stack(0x0000000011b70000,0x0000000011c70000)]
  0x000000000c7b0000 JavaThread "pool-1-thread-8" [_thread_in_native, id=11652, stack(0x0000000011a70000,0x0000000011b70000)]
  0x000000000c7af000 JavaThread "pool-1-thread-7" [_thread_in_native, id=6900, stack(0x0000000011970000,0x0000000011a70000)]
  0x000000000c7ad000 JavaThread "pool-1-thread-6" [_thread_in_native, id=17984, stack(0x0000000011870000,0x0000000011970000)]
  0x000000000c7a9000 JavaThread "pool-1-thread-5" [_thread_in_native, id=17820, stack(0x0000000011770000,0x0000000011870000)]
  0x000000000c7ac000 JavaThread "pool-1-thread-4" [_thread_in_native, id=16736, stack(0x0000000011670000,0x0000000011770000)]
  0x000000000c7ab800 JavaThread "png-cruncher_5" daemon [_thread_blocked, id=2884, stack(0x0000000011570000,0x0000000011670000)]
  0x000000000c873800 JavaThread "png-cruncher_4" daemon [_thread_blocked, id=9024, stack(0x0000000011470000,0x0000000011570000)]
  0x000000000c876800 JavaThread "png-cruncher_3" daemon [_thread_blocked, id=15752, stack(0x0000000011370000,0x0000000011470000)]
  0x000000000c872800 JavaThread "png-cruncher_2" daemon [_thread_blocked, id=13816, stack(0x0000000011270000,0x0000000011370000)]
  0x000000000c878800 JavaThread "png-cruncher_1" daemon [_thread_blocked, id=18528, stack(0x0000000011170000,0x0000000011270000)]
  0x000000000c875800 JavaThread "pool-1-thread-3" [_thread_in_native, id=10020, stack(0x0000000011070000,0x0000000011170000)]
  0x000000000c877000 JavaThread "pool-1-thread-2" [_thread_in_native, id=9424, stack(0x0000000010f70000,0x0000000011070000)]
  0x000000000c875000 JavaThread "pool-1-thread-1" [_thread_in_native, id=12384, stack(0x0000000010e70000,0x0000000010f70000)]
  0x000000000c878000 JavaThread "Stdin handler" [_thread_blocked, id=10444, stack(0x000000000ed60000,0x000000000ee60000)]
  0x000000000c872000 JavaThread "Cancel handler" [_thread_blocked, id=20228, stack(0x000000000ec60000,0x000000000ed60000)]
  0x000000000c874000 JavaThread "Handler for socket connection from /127.0.0.1:53293 to /127.0.0.1:53323" [_thread_in_native, id=17340, stack(0x000000000eb60000,0x000000000ec60000)]
  0x000000000c0da800 JavaThread "File lock request listener" [_thread_in_native, id=10840, stack(0x000000000d970000,0x000000000da70000)]
  0x000000000bddc000 JavaThread "Daemon worker" [_thread_in_native, id=18640, stack(0x000000000d770000,0x000000000d870000)]
  0x000000000c1db800 JavaThread "Daemon" [_thread_blocked, id=11872, stack(0x000000000d470000,0x000000000d570000)]
  0x000000000c019800 JavaThread "Incoming local TCP Connector on port 53293" [_thread_in_native, id=20856, stack(0x000000000d280000,0x000000000d380000)]
  0x00000000023c3000 JavaThread "Service Thread" daemon [_thread_blocked, id=6276, stack(0x000000000b4e0000,0x000000000b5e0000)]
=>0x00000000023c0000 JavaThread "C2 CompilerThread1" daemon [_thread_in_native, id=11908, stack(0x000000000b3e0000,0x000000000b4e0000)]
  0x00000000023be800 JavaThread "C2 CompilerThread0" daemon [_thread_in_native, id=9652, stack(0x000000000b2e0000,0x000000000b3e0000)]
  0x00000000023bd000 JavaThread "Attach Listener" daemon [_thread_blocked, id=13728, stack(0x000000000b1e0000,0x000000000b2e0000)]
  0x0000000008cfe000 JavaThread "Signal Dispatcher" daemon [_thread_blocked, id=19236, stack(0x000000000b0e0000,0x000000000b1e0000)]
  0x0000000008cef800 JavaThread "Finalizer" daemon [_thread_blocked, id=20076, stack(0x000000000abe0000,0x000000000ace0000)]
  0x0000000008ce9000 JavaThread "Reference Handler" daemon [_thread_blocked, id=7432, stack(0x000000000aae0000,0x000000000abe0000)]
  0x00000000022d0800 JavaThread "main" [_thread_blocked, id=16800, stack(0x00000000021d0000,0x00000000022d0000)]

Other Threads:
  0x0000000008ce5000 VMThread [stack: 0x000000000a9e0000,0x000000000aae0000] [id=16940]
  0x00000000023ca800 WatcherThread [stack: 0x000000000b5e0000,0x000000000b6e0000] [id=15008]

VM state:not at safepoint (normal execution)

VM Mutex/Monitor currently owned by a thread: None

Heap
 PSYoungGen      total 327168K, used 138196K [0x00000000eaa80000, 0x0000000100000000, 0x0000000100000000)
  eden space 304640K, 41% used [0x00000000eaa80000,0x00000000f24a61f8,0x00000000fd400000)
  from space 22528K, 58% used [0x00000000fd400000,0x00000000fe0cf078,0x00000000fea00000)
  to   space 22528K, 0% used [0x00000000fea00000,0x00000000fea00000,0x0000000100000000)
 ParOldGen       total 85504K, used 45866K [0x00000000c0000000, 0x00000000c5380000, 0x00000000eaa80000)
  object space 85504K, 53% used [0x00000000c0000000,0x00000000c2cca840,0x00000000c5380000)
 PSPermGen       total 85504K, used 45457K [0x00000000b0000000, 0x00000000b5380000, 0x00000000c0000000)
  object space 85504K, 53% used [0x00000000b0000000,0x00000000b2c647a8,0x00000000b5380000)

Card table byte_map: [0x0000000005490000,0x0000000005720000] byte_map_base: 0x0000000004f10000

Polling page: 0x0000000000530000

Code Cache  [0x00000000023d0000, 0x00000000028b0000, 0x00000000053d0000)
 total_blobs=1725 nmethods=1099 adapters=577 free_code_cache=44286Kb largest_free_block=45261952

Compilation events (10 events):
