#
# There is insufficient memory for the Java Runtime Environment to continue.
# Native memory allocation (malloc) failed to allocate 1048576 bytes for AllocateHeap
# Possible reasons:
#   The system is out of physical RAM or swap space
#   In 32 bit mode, the process size limit was hit
# Possible solutions:
#   Reduce memory load on the system
#   Increase physical memory or swap space
#   Check if swap backing store is full
#   Use 64 bit Java on a 64 bit OS
#   Decrease Java heap size (-Xmx/-Xms)
#   Decrease number of Java threads
#   Decrease Java thread stack sizes (-Xss)
#   Set larger code cache with -XX:ReservedCodeCacheSize=
# This output file may be truncated or incomplete.
#
#  Out of Memory Error (memory/allocation.inline.hpp:61), pid=19176, tid=15232
#
# JRE version:  (7.0_79-b15) (build )
# Java VM: Java HotSpot(TM) 64-Bit Server VM (24.79-b02 mixed mode windows-amd64 compressed oops)
# Failed to write core dump. Minidumps are not enabled by default on client versions of Windows
#

---------------  T H R E A D  ---------------

Current thread (0x0000000002140800):  JavaThread "Unknown thread" [_thread_in_vm, id=15232, stack(0x0000000002020000,0x0000000002120000)]

Stack: [0x0000000002020000,0x0000000002120000]

---------------  P R O C E S S  ---------------

Java Threads: ( => current thread )

Other Threads:

=>0x0000000002140800 (exited) JavaThread "Unknown thread" [_thread_in_vm, id=15232, stack(0x0000000002020000,0x0000000002120000)]

VM state:not at safepoint (normal execution)

VM Mutex/Monitor currently owned by a thread: None

Heap
 PSYoungGen      total 37888K, used 655K [0x00000000eaa80000, 0x00000000ed480000, 0x0000000100000000)
  eden space 32768K, 2% used [0x00000000eaa80000,0x00000000eab23dc8,0x00000000eca80000)
  from space 5120K, 0% used [0x00000000ecf80000,0x00000000ecf80000,0x00000000ed480000)
  to   space 5120K, 0% used [0x00000000eca80000,0x00000000eca80000,0x00000000ecf80000)
 ParOldGen       total 85504K, used 0K [0x00000000c0000000, 0x00000000c5380000, 0x00000000eaa80000)
  object space 85504K, 0% used [0x00000000c0000000,0x00000000c0000000,0x00000000c5380000)
 PSPermGen       total 21504K, used 697K [0x00000000bae00000, 0x00000000bc300000, 0x00000000c0000000)
  object space 21504K, 3% used [0x00000000bae00000,0x00000000baeae588,0x00000000bc300000)

Card table byte_map: [0x0000000005300000,0x0000000005530000] byte_map_base: 0x0000000004d29000

Polling page: 0x00000000004f0000

Code Cache  [0x0000000002240000, 0x00000000024b0000, 0x0000000005240000)
 total_blobs=38 nmethods=0 adapters=20 free_code_cache=48889Kb largest_free_block=50062528

Compilation events (0 events):
No events

GC Heap History (0 events):
No events

Deoptimization events (0 events):
No events

Internal exceptions (0 events):
No events

Events (10 events):
Event: 0.048 loading class 0x000000000218ff80
Event: 0.048 loading class 0x000000000218ff80 done
Event: 0.048 loading class 0x000000000218ffd0
Event: 0.048 loading class 0x000000000218ffd0 done
Event: 0.048 loading class 0x0000000002190020
Event: 0.048 loading class 0x0000000002190020 done
Event: 0.051 loading class 0x0000000002190da0
Event: 0.051 loading class 0x0000000002190da0 done
Event: 0.051 loading class 0x00000000021909c0
Event: 0.051 loading class 0x00000000021909c0 done


Dynamic libraries:
0x00007ff75d0c0000 - 0x00007ff75d0f3000 	C:\Program Files\Java\jdk1.7.0_79\bin\java.exe
0x00007ff91a380000 - 0x00007ff91a541000 	C:\WINDOWS\SYSTEM32\ntdll.dll
0x00007ff918ac0000 - 0x00007ff918b6d000 	C:\WINDOWS\system32\KERNEL32.DLL
0x00007ff916d10000 - 0x00007ff916ef8000 	C:\WINDOWS\system32\KERNELBASE.dll
0x00007ff917f10000 - 0x00007ff917fb7000 	C:\WINDOWS\system32\ADVAPI32.dll
0x00007ff91a110000 - 0x00007ff91a1ad000 	C:\WINDOWS\system32\msvcrt.dll
0x00007ff9189e0000 - 0x00007ff918a3b000 	C:\WINDOWS\system32\sechost.dll
0x00007ff918710000 - 0x00007ff91882c000 	C:\WINDOWS\system32\RPCRT4.dll
0x00007ff91a1b0000 - 0x00007ff91a306000 	C:\WINDOWS\system32\USER32.dll
0x00007ff917d80000 - 0x00007ff917f06000 	C:\WINDOWS\system32\GDI32.dll
0x00007ff912f40000 - 0x00007ff9131b4000 	C:\WINDOWS\WinSxS\amd64_microsoft.windows.common-controls_6595b64144ccf1df_6.0.10586.0_none_8c15ae12515e1c22\COMCTL32.dll
0x00007ff918030000 - 0x00007ff9182ad000 	C:\WINDOWS\system32\combase.dll
0x00007ff916a30000 - 0x00007ff916a9a000 	C:\WINDOWS\system32\bcryptPrimitives.dll
0x00007ff918b70000 - 0x00007ff918bab000 	C:\WINDOWS\system32\IMM32.DLL
0x00007ff9167d0000 - 0x00007ff916801000 	C:\WINDOWS\system32\nvinitx.dll
0x00007ff9167c0000 - 0x00007ff9167ca000 	C:\WINDOWS\SYSTEM32\VERSION.dll
0x00000000588a0000 - 0x00000000588a6000 	C:\Program Files\NVIDIA Corporation\CoProcManager\_etoured.dll
0x00007ff9139d0000 - 0x00007ff913a03000 	C:\Program Files\NVIDIA Corporation\CoProcManager\nvd3d9wrapx.dll
0x00007ff917780000 - 0x00007ff917ba9000 	C:\WINDOWS\system32\SETUPAPI.dll
0x00007ff916cc0000 - 0x00007ff916d03000 	C:\WINDOWS\system32\CFGMGR32.dll
0x00007ff9139a0000 - 0x00007ff9139c2000 	C:\Program Files\NVIDIA Corporation\CoProcManager\nvdxgiwrapx.dll
0x0000000054350000 - 0x0000000054422000 	C:\Program Files\Java\jdk1.7.0_79\jre\bin\msvcr100.dll
0x00000000547b0000 - 0x0000000054f85000 	C:\Program Files\Java\jdk1.7.0_79\jre\bin\server\jvm.dll
0x00007ff9183c0000 - 0x00007ff9183c8000 	C:\WINDOWS\system32\PSAPI.DLL
0x00007ff90b9e0000 - 0x00007ff90b9e9000 	C:\WINDOWS\SYSTEM32\WSOCK32.dll
0x00007ff91a310000 - 0x00007ff91a37b000 	C:\WINDOWS\system32\WS2_32.dll
0x00007ff9147c0000 - 0x00007ff9147e3000 	C:\WINDOWS\SYSTEM32\WINMM.dll
0x00007ff914790000 - 0x00007ff9147bc000 	C:\WINDOWS\SYSTEM32\WINMMBASE.dll
0x0000000054fd0000 - 0x0000000054fdf000 	C:\Program Files\Java\jdk1.7.0_79\jre\bin\verify.dll
0x0000000054780000 - 0x00000000547a8000 	C:\Program Files\Java\jdk1.7.0_79\jre\bin\java.dll
0x0000000054fb0000 - 0x0000000054fc5000 	C:\Program Files\Java\jdk1.7.0_79\jre\bin\zip.dll

VM Arguments:
jvm_args: -Xmx1024M -Dfile.encoding=windows-1251 -Duser.country=RU -Duser.language=ru -Duser.variant 
java_command: com.android.dx.command.Main --dex --num-threads=4 --output C:\develop\android_projects\BDSemester\app\build\intermediates\pre-dexed\debug\classes-6b81adaa252338780048ea85d948718d9133221a.jar C:\develop\android_projects\BDSemester\app\build\intermediates\exploded-aar\com.android.support\support-v4\23.3.0\jars\classes.jar
Launcher Type: SUN_STANDARD

Environment Variables:
PATH=C:\Program Files (x86)\Rockwell Software\RSCommon;C:\db\app\oracle\product\11.2.0\server\bin;C:\WINDOWS\system32;C:\WINDOWS;C:\WINDOWS\System32\Wbem;C:\WINDOWS\System32\WindowsPowerShell\v1.0\;c:\altera\91sp2\quartus\bin;C:\Users\www_c\.dnx\bin;C:\Program Files\Microsoft DNX\Dnvm\;C:\Program Files\Microsoft SQL Server\120\Tools\Binn\;C:\Program Files (x86)\Windows Kits\10\Windows Performance Toolkit\;C:\Program Files (x86)\Skype\Phone\;C:\Program Files (x86)\NVIDIA Corporation\PhysX\Common;C:\Program Files\Sublime Text 3\subl.exe;C:\Program Files\Common Files\Autodesk Shared\;C:\Program Files (x86)\Autodesk\Backburner\;C:\utilfx\;C:\utilfx\Bin\;C:\Program Files\MATLAB\R2016a\runtime\win64;C:\Program Files\MATLAB\R2016a\bin;C:\Program Files\MATLAB\R2016a\polyspace\bin
USERNAME=www_c
OS=Windows_NT
PROCESSOR_IDENTIFIER=Intel64 Family 6 Model 42 Stepping 7, GenuineIntel



---------------  S Y S T E M  ---------------

OS: Windows 8.1 , 64 bit Build 9600 

CPU:total 8 (4 cores per cpu, 2 threads per core) family 6 model 42 stepping 7, cmov, cx8, fxsr, mmx, sse, sse2, sse3, ssse3, sse4.1, sse4.2, popcnt, avx, aes, ht, tsc, tscinvbit

Memory: 4k page, physical 8236908k(2355708k free), swap 11923988k(18324k free)

vm_info: Java HotSpot(TM) 64-Bit Server VM (24.79-b02) for windows-amd64 JRE (1.7.0_79-b15), built on Apr 10 2015 12:36:16 by "java_re" with unknown MS VC++:1600

time: Sun May 22 23:07:45 2016
elapsed time: 0 seconds

